# JRE version: Java(TM) SE Runtime Environment (8.0_73-b02) (build 1.8.0_73-b02)
# Java VM: Java HotSpot(TM) 64-Bit Server VM (25.73-b02 mixed mode windows-amd64 compressed oops)
Heap:
 PSYoungGen      total 37888K, used 26635K [0x00000000d5d80000, 0x00000000d8b80000, 0x0000000100000000)
  eden space 32768K, 68% used [0x00000000d5d80000,0x00000000d73642a0,0x00000000d7d80000)
  from space 5120K, 82% used [0x00000000d7e00000,0x00000000d821e9c0,0x00000000d8300000)
  to   space 7168K, 0% used [0x00000000d8480000,0x00000000d8480000,0x00000000d8b80000)
 ParOldGen       total 87552K, used 2152K [0x0000000081800000, 0x0000000086d80000, 0x00000000d5d80000)
  object space 87552K, 2% used [0x0000000081800000,0x0000000081a1a338,0x0000000086d80000)
 Metaspace       used 15485K, capacity 16214K, committed 16512K, reserved 1062912K
  class space    used 1915K, capacity 2119K, committed 2176K, reserved 1048576K
GC Heap History (10 events):
Event: 0.806 GC heap before
{Heap before GC invocations=1 (full 0):
 PSYoungGen      total 38400K, used 33280K [0x00000000d5d80000, 0x00000000d8800000, 0x0000000100000000)
  eden space 33280K, 100% used [0x00000000d5d80000,0x00000000d7e00000,0x00000000d7e00000)
  from space 5120K, 0% used [0x00000000d8300000,0x00000000d8300000,0x00000000d8800000)
  to   space 5120K, 0% used [0x00000000d7e00000,0x00000000d7e00000,0x00000000d8300000)
 ParOldGen       total 87552K, used 0K [0x0000000081800000, 0x0000000086d80000, 0x00000000d5d80000)
  object space 87552K, 0% used [0x0000000081800000,0x0000000081800000,0x0000000086d80000)
 Metaspace       used 11772K, capacity 11936K, committed 12288K, reserved 1060864K
  class space    used 1408K, capacity 1481K, committed 1536K, reserved 1048576K
Event: 0.812 GC heap after
Heap after GC invocations=1 (full 0):
 PSYoungGen      total 38400K, used 5115K [0x00000000d5d80000, 0x00000000d8800000, 0x0000000100000000)
  eden space 33280K, 0% used [0x00000000d5d80000,0x00000000d5d80000,0x00000000d7e00000)
  from space 5120K, 99% used [0x00000000d7e00000,0x00000000d82feee0,0x00000000d8300000)
  to   space 5120K, 0% used [0x00000000d8300000,0x00000000d8300000,0x00000000d8800000)
 ParOldGen       total 87552K, used 1333K [0x0000000081800000, 0x0000000086d80000, 0x00000000d5d80000)
  object space 87552K, 1% used [0x0000000081800000,0x000000008194d5d8,0x0000000086d80000)
 Metaspace       used 11772K, capacity 11936K, committed 12288K, reserved 1060864K
  class space    used 1408K, capacity 1481K, committed 1536K, reserved 1048576K
}
Event: 12.256 GC heap before
{Heap before GC invocations=2 (full 0):
 PSYoungGen      total 38400K, used 38395K [0x00000000d5d80000, 0x00000000d8800000, 0x0000000100000000)
  eden space 33280K, 100% used [0x00000000d5d80000,0x00000000d7e00000,0x00000000d7e00000)
  from space 5120K, 99% used [0x00000000d7e00000,0x00000000d82feee0,0x00000000d8300000)
  to   space 5120K, 0% used [0x00000000d8300000,0x00000000d8300000,0x00000000d8800000)
 ParOldGen       total 87552K, used 1333K [0x0000000081800000, 0x0000000086d80000, 0x00000000d5d80000)
  object space 87552K, 1% used [0x0000000081800000,0x000000008194d5d8,0x0000000086d80000)
 Metaspace       used 15109K, capacity 15776K, committed 16000K, reserved 1062912K
  class space    used 1910K, capacity 2112K, committed 2176K, reserved 1048576K
Event: 12.261 GC heap after
Heap after GC invocations=2 (full 0):
 PSYoungGen      total 38400K, used 5110K [0x00000000d5d80000, 0x00000000d8800000, 0x0000000100000000)
  eden space 33280K, 0% used [0x00000000d5d80000,0x00000000d5d80000,0x00000000d7e00000)
  from space 5120K, 99% used [0x00000000d8300000,0x00000000d87fda70,0x00000000d8800000)
  to   space 5120K, 0% used [0x00000000d7e00000,0x00000000d7e00000,0x00000000d8300000)
 ParOldGen       total 87552K, used 2128K [0x0000000081800000, 0x0000000086d80000, 0x00000000d5d80000)
  object space 87552K, 2% used [0x0000000081800000,0x0000000081a14338,0x0000000086d80000)
 Metaspace       used 15109K, capacity 15776K, committed 16000K, reserved 1062912K
  class space    used 1910K, capacity 2112K, committed 2176K, reserved 1048576K
}
Event: 32.594 GC heap before
{Heap before GC invocations=3 (full 0):
 PSYoungGen      total 38400K, used 38390K [0x00000000d5d80000, 0x00000000d8800000, 0x0000000100000000)
  eden space 33280K, 100% used [0x00000000d5d80000,0x00000000d7e00000,0x00000000d7e00000)
  from space 5120K, 99% used [0x00000000d8300000,0x00000000d87fda70,0x00000000d8800000)
  to   space 5120K, 0% used [0x00000000d7e00000,0x00000000d7e00000,0x00000000d8300000)
 ParOldGen       total 87552K, used 2128K [0x0000000081800000, 0x0000000086d80000, 0x00000000d5d80000)
  object space 87552K, 2% used [0x0000000081800000,0x0000000081a14338,0x0000000086d80000)
 Metaspace       used 15277K, capacity 15970K, committed 16256K, reserved 1062912K
  class space    used 1914K, capacity 2119K, committed 2176K, reserved 1048576K
Event: 32.597 GC heap after
Heap after GC invocations=3 (full 0):
 PSYoungGen      total 38400K, used 4236K [0x00000000d5d80000, 0x00000000d8800000, 0x0000000100000000)
  eden space 33280K, 0% used [0x00000000d5d80000,0x00000000d5d80000,0x00000000d7e00000)
  from space 5120K, 82% used [0x00000000d7e00000,0x00000000d8223088,0x00000000d8300000)
  to   space 5120K, 0% used [0x00000000d8300000,0x00000000d8300000,0x00000000d8800000)
 ParOldGen       total 87552K, used 2136K [0x0000000081800000, 0x0000000086d80000, 0x00000000d5d80000)
  object space 87552K, 2% used [0x0000000081800000,0x0000000081a16338,0x0000000086d80000)
 Metaspace       used 15277K, capacity 15970K, committed 16256K, reserved 1062912K
  class space    used 1914K, capacity 2119K, committed 2176K, reserved 1048576K
}
Event: 53.924 GC heap before
{Heap before GC invocations=4 (full 0):
 PSYoungGen      total 38400K, used 37516K [0x00000000d5d80000, 0x00000000d8800000, 0x0000000100000000)
  eden space 33280K, 100% used [0x00000000d5d80000,0x00000000d7e00000,0x00000000d7e00000)
  from space 5120K, 82% used [0x00000000d7e00000,0x00000000d8223088,0x00000000d8300000)
  to   space 5120K, 0% used [0x00000000d8300000,0x00000000d8300000,0x00000000d8800000)
 ParOldGen       total 87552K, used 2136K [0x0000000081800000, 0x0000000086d80000, 0x00000000d5d80000)
  object space 87552K, 2% used [0x0000000081800000,0x0000000081a16338,0x0000000086d80000)
 Metaspace       used 15362K, capacity 16110K, committed 16256K, reserved 1062912K
  class space    used 1914K, capacity 2119K, committed 2176K, reserved 1048576K
Event: 53.927 GC heap after
Heap after GC invocations=4 (full 0):
 PSYoungGen      total 38400K, used 4284K [0x00000000d5d80000, 0x00000000d8800000, 0x0000000100000000)
  eden space 33280K, 0% used [0x00000000d5d80000,0x00000000d5d80000,0x00000000d7e00000)
  from space 5120K, 83% used [0x00000000d8300000,0x00000000d872f0a8,0x00000000d8800000)
  to   space 5120K, 0% used [0x00000000d7e00000,0x00000000d7e00000,0x00000000d8300000)
 ParOldGen       total 87552K, used 2144K [0x0000000081800000, 0x0000000086d80000, 0x00000000d5d80000)
  object space 87552K, 2% used [0x0000000081800000,0x0000000081a18338,0x0000000086d80000)
 Metaspace       used 15362K, capacity 16110K, committed 16256K, reserved 1062912K
  class space    used 1914K, capacity 2119K, committed 2176K, reserved 1048576K
}
Event: 75.184 GC heap before
{Heap before GC invocations=5 (full 0):
 PSYoungGen      total 38400K, used 37564K [0x00000000d5d80000, 0x00000000d8800000, 0x0000000100000000)
  eden space 33280K, 100% used [0x00000000d5d80000,0x00000000d7e00000,0x00000000d7e00000)
  from space 5120K, 83% used [0x00000000d8300000,0x00000000d872f0a8,0x00000000d8800000)
  to   space 5120K, 0% used [0x00000000d7e00000,0x00000000d7e00000,0x00000000d8300000)
 ParOldGen       total 87552K, used 2144K [0x0000000081800000, 0x0000000086d80000, 0x00000000d5d80000)
  object space 87552K, 2% used [0x0000000081800000,0x0000000081a18338,0x0000000086d80000)
 Metaspace       used 15428K, capacity 16122K, committed 16256K, reserved 1062912K
  class space    used 1915K, capacity 2119K, committed 2176K, reserved 1048576K
Event: 75.187 GC heap after
Heap after GC invocations=5 (full 0):
 PSYoungGen      total 37888K, used 4218K [0x00000000d5d80000, 0x00000000d8b80000, 0x0000000100000000)
  eden space 32768K, 0% used [0x00000000d5d80000,0x00000000d5d80000,0x00000000d7d80000)
  from space 5120K, 82% used [0x00000000d7e00000,0x00000000d821e9c0,0x00000000d8300000)
  to   space 7168K, 0% used [0x00000000d8480000,0x00000000d8480000,0x00000000d8b80000)
 ParOldGen       total 87552K, used 2152K [0x0000000081800000, 0x0000000086d80000, 0x00000000d5d80000)
  object space 87552K, 2% used [0x0000000081800000,0x0000000081a1a338,0x0000000086d80000)
 Metaspace       used 15428K, capacity 16122K, committed 16256K, reserved 1062912K
  class space    used 1915K, capacity 2119K, committed 2176K, reserved 1048576K
}

