<?xml version="1.0" encoding="UTF-8"?>
<testng-results skipped="0" failed="0" ignored="3" total="4" passed="1">
  <reporter-output>
  </reporter-output>
  <suite name="Default suite" duration-ms="3826" started-at="2019-12-27T18:13:00Z" finished-at="2019-12-27T18:13:04Z">
    <groups>
    </groups>
    <test name="Default test" duration-ms="3826" started-at="2019-12-27T18:13:00Z" finished-at="2019-12-27T18:13:04Z">
      <class name="TestNG.TestNGTests">
        <test-method status="PASS" signature="startAppium()[pri:0, instance:TestNG.TestNGTests@31ef45e3]" name="startAppium" is-config="true" duration-ms="79512" started-at="2019-12-27T18:11:40Z" finished-at="2019-12-27T18:13:00Z">
          <reporter-output>
          </reporter-output>
        </test-method> <!-- startAppium -->
        <test-method status="PASS" signature="test1()[pri:0, instance:TestNG.TestNGTests@31ef45e3]" name="test1" duration-ms="3809" started-at="2019-12-27T18:13:00Z" finished-at="2019-12-27T18:13:04Z">
          <reporter-output>
          </reporter-output>
        </test-method> <!-- test1 -->
        <test-method status="PASS" signature="closeAppium()[pri:0, instance:TestNG.TestNGTests@31ef45e3]" name="closeAppium" is-config="true" duration-ms="4172" started-at="2019-12-27T18:13:04Z" finished-at="2019-12-27T18:13:08Z">
          <reporter-output>
          </reporter-output>
        </test-method> <!-- closeAppium -->
      </class> <!-- TestNG.TestNGTests -->
    </test> <!-- Default test -->
  </suite> <!-- Default suite -->
</testng-results>
