<?xml version="1.0" encoding="UTF-8"?>
<!-- Generated by org.testng.reporters.JUnitXMLReporter -->
<testsuite hostname="E0078D" ignored="3" name="Default test" tests="1" failures="0" timestamp="27 Dec 2019 17:44:15 GMT" time="80.312" errors="0">
  <testcase name="test4" time="80.293" classname="TestNG.TestNGTests"/>
  <testcase name="test3" time="0.0" classname="TestNG.TestNGTests">
    <ignored/>
  </testcase> <!-- test3 -->
  <testcase name="test2" time="0.0" classname="TestNG.TestNGTests">
    <ignored/>
  </testcase> <!-- test2 -->
  <testcase name="test1" time="0.0" classname="TestNG.TestNGTests">
    <ignored/>
  </testcase> <!-- test1 -->
</testsuite> <!-- Default test -->
